# JRE version: Java(TM) SE Runtime Environment (16.0.2+7) (build 16.0.2+7-67)
# Java VM: Java HotSpot(TM) 64-Bit Server VM (16.0.2+7-67, mixed mode, sharing, tiered, compressed oops, compressed class ptrs, g1 gc, windows-amd64)
GC Precious Log:
 CPUs: 4 total, 4 available
 Memory: 6033M
 Large Page Support: Disabled
 NUMA Support: Disabled
 Compressed Oops: Enabled (32-bit)
 Heap Region Size: 1M
 Heap Min Capacity: 8M
 Heap Initial Capacity: 96M
 Heap Max Capacity: 1510M
 Pre-touch: Disabled
 Parallel Workers: 4
 Concurrent Workers: 1
 Concurrent Refinement Workers: 4
 Periodic GC: Disabled
Heap:
 garbage-first heap   total 98304K, used 38262K [0x00000000a1a00000, 0x0000000100000000)
  region size 1024K, 11 young (11264K), 8 survivors (8192K)
 Metaspace       used 21469K, committed 21632K, reserved 1073152K
  class space    used 2865K, committed 2944K, reserved 1048576K
GC Heap History (6 events):
Event: 1.763 GC heap before
{Heap before GC invocations=0 (full 0):
 garbage-first heap   total 98304K, used 13312K [0x00000000a1a00000, 0x0000000100000000)
  region size 1024K, 13 young (13312K), 0 survivors (0K)
 Metaspace       used 2806K, committed 3008K, reserved 1056768K
  class space    used 286K, committed 384K, reserved 1048576K
}
Event: 1.771 GC heap after
{Heap after GC invocations=1 (full 0):
 garbage-first heap   total 98304K, used 1973K [0x00000000a1a00000, 0x0000000100000000)
  region size 1024K, 2 young (2048K), 2 survivors (2048K)
 Metaspace       used 2806K, committed 3008K, reserved 1056768K
  class space    used 286K, committed 384K, reserved 1048576K
}
Event: 3.106 GC heap before
{Heap before GC invocations=1 (full 0):
 garbage-first heap   total 98304K, used 19381K [0x00000000a1a00000, 0x0000000100000000)
  region size 1024K, 19 young (19456K), 2 survivors (2048K)
 Metaspace       used 8037K, committed 8128K, reserved 1064960K
  class space    used 994K, committed 1024K, reserved 1048576K
}
Event: 3.115 GC heap after
{Heap after GC invocations=2 (full 0):
 garbage-first heap   total 98304K, used 5073K [0x00000000a1a00000, 0x0000000100000000)
  region size 1024K, 3 young (3072K), 3 survivors (3072K)
 Metaspace       used 8037K, committed 8128K, reserved 1064960K
  class space    used 994K, committed 1024K, reserved 1048576K
}
Event: 24.989 GC heap before
{Heap before GC invocations=2 (full 0):
 garbage-first heap   total 98304K, used 68561K [0x00000000a1a00000, 0x0000000100000000)
  region size 1024K, 40 young (40960K), 3 survivors (3072K)
 Metaspace       used 21024K, committed 21248K, reserved 1073152K
  class space    used 2819K, committed 2944K, reserved 1048576K
}
Event: 25.018 GC heap after
{Heap after GC invocations=3 (full 0):
 garbage-first heap   total 98304K, used 36214K [0x00000000a1a00000, 0x0000000100000000)
  region size 1024K, 8 young (8192K), 8 survivors (8192K)
 Metaspace       used 21024K, committed 21248K, reserved 1073152K
  class space    used 2819K, committed 2944K, reserved 1048576K
}

